[GIN-debug] [WARNING] Running in "debug" mode. Switch to "release" mode in production.
 - using env:	export GIN_MODE=release
 - using code:	gin.SetMode(gin.ReleaseMode)

[GIN-debug] GET    /goods                    --> mygo/Controller/Goods.(*GoodsController).Index-fm (4 handlers)
[GIN-debug] POST   /relation                 --> mygo/Controller.(*GoodsForOmoCourseControllor).Insert-fm (3 handlers)
[GIN-debug] GET    /order                    --> mygo/Controller/Orders.(*OrdersController).Index-fm (3 handlers)
[GIN-debug] GET    /index                    --> mygo/Controller.(*IndexController).Index-fm (3 handlers)
[GIN-debug] GET    /reponse_struct           --> mygo/Controller.(*IndexController).ResponseStruct-fm (3 handlers)
[GIN-debug] GET    /reponse_xml              --> mygo/Controller.(*IndexController).ResponseXml-fm (3 handlers)
[GIN-debug] GET    /reponse_yaml             --> mygo/Controller.(*IndexController).ResponseYaml-fm (3 handlers)
[GIN-debug] GET    /username                 --> mygo/Controller.(*IndexController).UserName-fm (3 handlers)
[GIN-debug] Loaded HTML Templates (2): 
	- 
	- index.tmpl

[GIN-debug] [WARNING] Running in "debug" mode. Switch to "release" mode in production.
 - using env:	export GIN_MODE=release
 - using code:	gin.SetMode(gin.ReleaseMode)

[GIN-debug] GET    /goods                    --> mygo/Controller/Goods.(*GoodsController).Index-fm (4 handlers)
[GIN-debug] POST   /relation                 --> mygo/Controller.(*GoodsForOmoCourseControllor).Insert-fm (3 handlers)
[GIN-debug] GET    /order                    --> mygo/Controller/Orders.(*OrdersController).Index-fm (3 handlers)
[GIN-debug] GET    /index                    --> mygo/Controller.(*IndexController).Index-fm (3 handlers)
[GIN-debug] GET    /reponse_struct           --> mygo/Controller.(*IndexController).ResponseStruct-fm (3 handlers)
[GIN-debug] GET    /reponse_xml              --> mygo/Controller.(*IndexController).ResponseXml-fm (3 handlers)
[GIN-debug] GET    /reponse_yaml             --> mygo/Controller.(*IndexController).ResponseYaml-fm (3 handlers)
[GIN-debug] GET    /username                 --> mygo/Controller.(*IndexController).UserName-fm (3 handlers)
[GIN-debug] Loaded HTML Templates (2): 
	- 
	- index.tmpl

[GIN-debug] [WARNING] Running in "debug" mode. Switch to "release" mode in production.
 - using env:	export GIN_MODE=release
 - using code:	gin.SetMode(gin.ReleaseMode)

[GIN-debug] GET    /goods                    --> mygo/Controller/Goods.(*GoodsController).Index-fm (4 handlers)
[GIN-debug] POST   /relation                 --> mygo/Controller.(*GoodsForOmoCourseControllor).Insert-fm (3 handlers)
[GIN-debug] GET    /order                    --> mygo/Controller/Orders.(*OrdersController).Index-fm (3 handlers)
[GIN-debug] GET    /index                    --> mygo/Controller.(*IndexController).Index-fm (3 handlers)
[GIN-debug] GET    /reponse_struct           --> mygo/Controller.(*IndexController).ResponseStruct-fm (3 handlers)
[GIN-debug] GET    /reponse_xml              --> mygo/Controller.(*IndexController).ResponseXml-fm (3 handlers)
[GIN-debug] GET    /reponse_yaml             --> mygo/Controller.(*IndexController).ResponseYaml-fm (3 handlers)
[GIN-debug] GET    /username                 --> mygo/Controller.(*IndexController).UserName-fm (3 handlers)
[GIN-debug] Loaded HTML Templates (2): 
	- 
	- index.tmpl

[GIN-debug] [WARNING] Running in "debug" mode. Switch to "release" mode in production.
 - using env:	export GIN_MODE=release
 - using code:	gin.SetMode(gin.ReleaseMode)

[GIN-debug] GET    /goods                    --> mygo/Controller/Goods.(*GoodsController).Index-fm (4 handlers)
[GIN-debug] POST   /relation                 --> mygo/Controller.(*GoodsForOmoCourseControllor).Insert-fm (3 handlers)
[GIN-debug] GET    /order                    --> mygo/Controller/Orders.(*OrdersController).Index-fm (3 handlers)
[GIN-debug] GET    /index                    --> mygo/Controller.(*IndexController).Index-fm (3 handlers)
[GIN-debug] GET    /reponse_struct           --> mygo/Controller.(*IndexController).ResponseStruct-fm (3 handlers)
[GIN-debug] GET    /reponse_xml              --> mygo/Controller.(*IndexController).ResponseXml-fm (3 handlers)
[GIN-debug] GET    /reponse_yaml             --> mygo/Controller.(*IndexController).ResponseYaml-fm (3 handlers)
[GIN-debug] GET    /username                 --> mygo/Controller.(*IndexController).UserName-fm (3 handlers)
[GIN-debug] Loaded HTML Templates (2): 
	- 
	- index.tmpl

[GIN-debug] [WARNING] Running in "debug" mode. Switch to "release" mode in production.
 - using env:	export GIN_MODE=release
 - using code:	gin.SetMode(gin.ReleaseMode)

[GIN-debug] GET    /goods                    --> mygo/Controller/Goods.(*GoodsController).Index-fm (4 handlers)
[GIN-debug] POST   /relation                 --> mygo/Controller.(*GoodsForOmoCourseControllor).Insert-fm (3 handlers)
[GIN-debug] GET    /order                    --> mygo/Controller/Orders.(*OrdersController).Index-fm (3 handlers)
[GIN-debug] GET    /index                    --> mygo/Controller.(*IndexController).Index-fm (3 handlers)
[GIN-debug] GET    /reponse_struct           --> mygo/Controller.(*IndexController).ResponseStruct-fm (3 handlers)
[GIN-debug] GET    /reponse_xml              --> mygo/Controller.(*IndexController).ResponseXml-fm (3 handlers)
[GIN-debug] GET    /reponse_yaml             --> mygo/Controller.(*IndexController).ResponseYaml-fm (3 handlers)
[GIN-debug] GET    /username                 --> mygo/Controller.(*IndexController).UserName-fm (3 handlers)
[GIN-debug] Loaded HTML Templates (2): 
	- 
	- index.tmpl

