[GIN-debug] [WARNING] Running in "debug" mode. Switch to "release" mode in production.
 - using env:	export GIN_MODE=release
 - using code:	gin.SetMode(gin.ReleaseMode)

[GIN-debug] GET    /goods                    --> mygo/Controller/Goods.(*GoodsController).Index-fm (4 handlers)
[GIN-debug] POST   /relation                 --> mygo/Controller.(*GoodsForOmoCourseControllor).Insert-fm (3 handlers)
[GIN-debug] GET    /order                    --> mygo/Controller/Orders.(*OrdersController).Index-fm (3 handlers)
[GIN-debug] GET    /index                    --> mygo/Controller.(*IndexController).Index-fm (3 handlers)
[GIN-debug] GET    /reponse_struct           --> mygo/Controller.(*IndexController).ResponseStruct-fm (3 handlers)
[GIN-debug] GET    /reponse_xml              --> mygo/Controller.(*IndexController).ResponseXml-fm (3 handlers)
[GIN-debug] GET    /reponse_yaml             --> mygo/Controller.(*IndexController).ResponseYaml-fm (3 handlers)
[GIN-debug] GET    /username                 --> mygo/Controller.(*IndexController).UserName-fm (3 handlers)
[GIN-debug] Loaded HTML Templates (2): 
	- 
	- index.tmpl

[GIN-debug] [WARNING] Running in "debug" mode. Switch to "release" mode in production.
 - using env:	export GIN_MODE=release
 - using code:	gin.SetMode(gin.ReleaseMode)

[GIN-debug] GET    /goods                    --> mygo/Controller/Goods.(*GoodsController).Index-fm (4 handlers)
[GIN-debug] POST   /relation                 --> mygo/Controller.(*GoodsForOmoCourseControllor).Insert-fm (3 handlers)
[GIN-debug] GET    /order                    --> mygo/Controller/Orders.(*OrdersController).Index-fm (3 handlers)
[GIN-debug] GET    /index                    --> mygo/Controller.(*IndexController).Index-fm (3 handlers)
[GIN-debug] GET    /reponse_struct           --> mygo/Controller.(*IndexController).ResponseStruct-fm (3 handlers)
[GIN-debug] GET    /reponse_xml              --> mygo/Controller.(*IndexController).ResponseXml-fm (3 handlers)
[GIN-debug] GET    /reponse_yaml             --> mygo/Controller.(*IndexController).ResponseYaml-fm (3 handlers)
[GIN-debug] GET    /username                 --> mygo/Controller.(*IndexController).UserName-fm (3 handlers)
[GIN-debug] Loaded HTML Templates (2): 
	- 
	- index.tmpl

[GIN-debug] [WARNING] Running in "debug" mode. Switch to "release" mode in production.
 - using env:	export GIN_MODE=release
 - using code:	gin.SetMode(gin.ReleaseMode)

[GIN-debug] GET    /goods                    --> mygo/Controller/Goods.(*GoodsController).Index-fm (4 handlers)
[GIN-debug] POST   /relation                 --> mygo/Controller.(*GoodsForOmoCourseControllor).Insert-fm (3 handlers)
[GIN-debug] GET    /order                    --> mygo/Controller/Orders.(*OrdersController).Index-fm (3 handlers)
[GIN-debug] GET    /index                    --> mygo/Controller.(*IndexController).Index-fm (3 handlers)
[GIN-debug] GET    /reponse_struct           --> mygo/Controller.(*IndexController).ResponseStruct-fm (3 handlers)
[GIN-debug] GET    /reponse_xml              --> mygo/Controller.(*IndexController).ResponseXml-fm (3 handlers)
[GIN-debug] GET    /reponse_yaml             --> mygo/Controller.(*IndexController).ResponseYaml-fm (3 handlers)
[GIN-debug] GET    /username                 --> mygo/Controller.(*IndexController).UserName-fm (3 handlers)
[GIN-debug] Loaded HTML Templates (2): 
	- 
	- index.tmpl

[GIN-debug] [WARNING] Running in "debug" mode. Switch to "release" mode in production.
 - using env:	export GIN_MODE=release
 - using code:	gin.SetMode(gin.ReleaseMode)

[GIN-debug] GET    /goods                    --> mygo/Controller/Goods.(*GoodsController).Index-fm (4 handlers)
[GIN-debug] POST   /relation                 --> mygo/Controller.(*GoodsForOmoCourseControllor).Insert-fm (3 handlers)
[GIN-debug] GET    /order                    --> mygo/Controller/Orders.(*OrdersController).Index-fm (3 handlers)
[GIN-debug] GET    /index                    --> mygo/Controller.(*IndexController).Index-fm (3 handlers)
[GIN-debug] GET    /reponse_struct           --> mygo/Controller.(*IndexController).ResponseStruct-fm (3 handlers)
[GIN-debug] GET    /reponse_xml              --> mygo/Controller.(*IndexController).ResponseXml-fm (3 handlers)
[GIN-debug] GET    /reponse_yaml             --> mygo/Controller.(*IndexController).ResponseYaml-fm (3 handlers)
[GIN-debug] GET    /username                 --> mygo/Controller.(*IndexController).UserName-fm (3 handlers)
[GIN-debug] Loaded HTML Templates (2): 
	- 
	- index.tmpl

[GIN-debug] [WARNING] Running in "debug" mode. Switch to "release" mode in production.
 - using env:	export GIN_MODE=release
 - using code:	gin.SetMode(gin.ReleaseMode)

[GIN-debug] GET    /goods                    --> mygo/Controller/Goods.(*GoodsController).Index-fm (4 handlers)
[GIN-debug] POST   /relation                 --> mygo/Controller.(*GoodsForOmoCourseControllor).Insert-fm (3 handlers)
[GIN-debug] GET    /order                    --> mygo/Controller/Orders.(*OrdersController).Index-fm (3 handlers)
[GIN-debug] GET    /index                    --> mygo/Controller.(*IndexController).Index-fm (3 handlers)
[GIN-debug] GET    /reponse_struct           --> mygo/Controller.(*IndexController).ResponseStruct-fm (3 handlers)
[GIN-debug] GET    /reponse_xml              --> mygo/Controller.(*IndexController).ResponseXml-fm (3 handlers)
[GIN-debug] GET    /reponse_yaml             --> mygo/Controller.(*IndexController).ResponseYaml-fm (3 handlers)
[GIN-debug] GET    /username                 --> mygo/Controller.(*IndexController).UserName-fm (3 handlers)
[GIN-debug] Loaded HTML Templates (2): 
	- index.tmpl
	- 

[qSkipTool]2022/09/13 10:04:45 server.go:3119: http: TLS handshake error from 127.0.0.1:60426: remote error: tls: bad certificate
[qSkipTool]2022/09/13 10:05:14 server.go:3119: http: TLS handshake error from 127.0.0.1:60524: remote error: tls: bad certificate
[GIN-debug] Environment variable PORT is undefined. Using port :8080 by default
[GIN-debug] Listening and serving HTTP on :8080
[qSkipTool]2022/09/13 10:06:03 server.go:3119: http: TLS handshake error from 127.0.0.1:60913: EOF
[qSkipTool]2022/09/13 10:06:03 server.go:3119: http: TLS handshake error from 127.0.0.1:60914: EOF
[GIN-debug] Environment variable PORT is undefined. Using port :8080 by default
[GIN-debug] Listening and serving HTTP on :8080
[GIN-debug] [WARNING] Running in "debug" mode. Switch to "release" mode in production.
 - using env:	export GIN_MODE=release
 - using code:	gin.SetMode(gin.ReleaseMode)

[GIN-debug] GET    /goods                    --> mygo/Controller/Goods.(*GoodsController).Index-fm (4 handlers)
[GIN-debug] POST   /relation                 --> mygo/Controller.(*GoodsForOmoCourseControllor).Insert-fm (3 handlers)
[GIN-debug] GET    /order                    --> mygo/Controller/Orders.(*OrdersController).Index-fm (3 handlers)
[GIN-debug] GET    /index                    --> mygo/Controller.(*IndexController).Index-fm (3 handlers)
[GIN-debug] GET    /reponse_struct           --> mygo/Controller.(*IndexController).ResponseStruct-fm (3 handlers)
[GIN-debug] GET    /reponse_xml              --> mygo/Controller.(*IndexController).ResponseXml-fm (3 handlers)
[GIN-debug] GET    /reponse_yaml             --> mygo/Controller.(*IndexController).ResponseYaml-fm (3 handlers)
[GIN-debug] GET    /username                 --> mygo/Controller.(*IndexController).UserName-fm (3 handlers)
[GIN-debug] Loaded HTML Templates (2): 
	- 
	- index.tmpl

[GIN-debug] Environment variable PORT is undefined. Using port :8080 by default
[GIN-debug] Listening and serving HTTP on :8080
[GIN-debug] [WARNING] Running in "debug" mode. Switch to "release" mode in production.
 - using env:	export GIN_MODE=release
 - using code:	gin.SetMode(gin.ReleaseMode)

[GIN-debug] GET    /goods                    --> mygo/Controller/Goods.(*GoodsController).Index-fm (4 handlers)
[GIN-debug] POST   /relation                 --> mygo/Controller.(*GoodsForOmoCourseControllor).Insert-fm (3 handlers)
[GIN-debug] GET    /order                    --> mygo/Controller/Orders.(*OrdersController).Index-fm (3 handlers)
[GIN-debug] GET    /index                    --> mygo/Controller.(*IndexController).Index-fm (3 handlers)
[GIN-debug] GET    /reponse_struct           --> mygo/Controller.(*IndexController).ResponseStruct-fm (3 handlers)
[GIN-debug] GET    /reponse_xml              --> mygo/Controller.(*IndexController).ResponseXml-fm (3 handlers)
[GIN-debug] GET    /reponse_yaml             --> mygo/Controller.(*IndexController).ResponseYaml-fm (3 handlers)
[GIN-debug] GET    /username                 --> mygo/Controller.(*IndexController).UserName-fm (3 handlers)
[GIN-debug] Loaded HTML Templates (2): 
	- 
	- index.tmpl

[GIN-debug] [WARNING] Headers were already written. Wanted to override status code 200 with 400
{"level":"info","msg":"","request":{"all_time":18903416,"client_ip":"127.0.0.1","req_data":"","req_method":"GET","req_url":"/username?id=1","status_code":200},"response":"{\"Name\":\"111\",\"Message\":\"获取数据成功\",\"Code\":1000}","time":"2022-09-13 18:17:10"}
